{"/Users/josecarlosbrandao/Projects/personal/github/file-uploader/config/custom-environment-variables.js": {"path":"/Users/josecarlosbrandao/Projects/personal/github/file-uploader/config/custom-environment-variables.js","statementMap":{"0":{"start":{"line":1,"column":0},"end":{"line":46,"column":2}}},"fnMap":{},"branchMap":{},"s":{"0":2},"f":{},"b":{},"inputSourceMap":null,"_coverageSchema":"1a1c01bbd47fc00a2c39e90264f33305004495a9","hash":"39a9c8583495183fd64a324f1e8b147ac3a85b03"}
,"/Users/josecarlosbrandao/Projects/personal/github/file-uploader/config/default.js": {"path":"/Users/josecarlosbrandao/Projects/personal/github/file-uploader/config/default.js","statementMap":{"0":{"start":{"line":1,"column":0},"end":{"line":51,"column":2}}},"fnMap":{},"branchMap":{},"s":{"0":2},"f":{},"b":{},"inputSourceMap":null,"_coverageSchema":"1a1c01bbd47fc00a2c39e90264f33305004495a9","hash":"87f76430d29aaee28b4ad7fe69aad2643093de34"}
,"/Users/josecarlosbrandao/Projects/personal/github/file-uploader/config/test.js": {"path":"/Users/josecarlosbrandao/Projects/personal/github/file-uploader/config/test.js","statementMap":{"0":{"start":{"line":1,"column":0},"end":{"line":51,"column":2}}},"fnMap":{},"branchMap":{},"s":{"0":2},"f":{},"b":{},"inputSourceMap":null,"_coverageSchema":"1a1c01bbd47fc00a2c39e90264f33305004495a9","hash":"65e1825f6b47acc093b54051851212eb24093c71"}
,"/Users/josecarlosbrandao/Projects/personal/github/file-uploader/src/app.ts": {"path":"/Users/josecarlosbrandao/Projects/personal/github/file-uploader/src/app.ts","statementMap":{"0":{"start":{"line":1,"column":0},"end":{"line":1,"column":26}},"1":{"start":{"line":2,"column":0},"end":{"line":2,"column":75}},"2":{"start":{"line":3,"column":0},"end":{"line":3,"column":62}},"3":{"start":{"line":4,"column":0},"end":{"line":4,"column":47}},"4":{"start":{"line":5,"column":0},"end":{"line":5,"column":71}},"5":{"start":{"line":7,"column":0},"end":{"line":7,"column":88}},"6":{"start":{"line":8,"column":0},"end":{"line":8,"column":72}},"7":{"start":{"line":9,"column":0},"end":{"line":9,"column":42}},"8":{"start":{"line":10,"column":0},"end":{"line":10,"column":54}},"9":{"start":{"line":11,"column":0},"end":{"line":11,"column":32}},"10":{"start":{"line":12,"column":0},"end":{"line":12,"column":41}},"11":{"start":{"line":13,"column":0},"end":{"line":13,"column":24}},"12":{"start":{"line":14,"column":0},"end":{"line":14,"column":30}},"13":{"start":{"line":15,"column":0},"end":{"line":15,"column":39}},"14":{"start":{"line":16,"column":0},"end":{"line":16,"column":24}},"15":{"start":{"line":17,"column":0},"end":{"line":17,"column":32}},"16":{"start":{"line":18,"column":0},"end":{"line":18,"column":43}},"17":{"start":{"line":20,"column":12},"end":{"line":20,"column":21}},"18":{"start":{"line":22,"column":0},"end":{"line":26,"column":4}},"19":{"start":{"line":28,"column":0},"end":{"line":35,"column":2}},"20":{"start":{"line":37,"column":0},"end":{"line":37,"column":24}},"21":{"start":{"line":39,"column":0},"end":{"line":39,"column":34}},"22":{"start":{"line":41,"column":0},"end":{"line":41,"column":16}},"23":{"start":{"line":43,"column":0},"end":{"line":47,"column":2}},"24":{"start":{"line":49,"column":0},"end":{"line":49,"column":29}},"25":{"start":{"line":51,"column":0},"end":{"line":51,"column":32}},"26":{"start":{"line":53,"column":0},"end":{"line":53,"column":46}},"27":{"start":{"line":55,"column":0},"end":{"line":55,"column":16}},"28":{"start":{"line":57,"column":0},"end":{"line":65,"column":2}},"29":{"start":{"line":67,"column":0},"end":{"line":69,"column":3}},"30":{"start":{"line":68,"column":2},"end":{"line":68,"column":78}},"31":{"start":{"line":71,"column":0},"end":{"line":71,"column":10}},"32":{"start":{"line":73,"column":0},"end":{"line":85,"column":1}},"33":{"start":{"line":74,"column":32},"end":{"line":76,"column":null}},"34":{"start":{"line":79,"column":2},"end":{"line":79,"column":83}},"35":{"start":{"line":81,"column":2},"end":{"line":84,"column":5}},"36":{"start":{"line":82,"column":4},"end":{"line":82,"column":114}},"37":{"start":{"line":83,"column":4},"end":{"line":83,"column":36}},"38":{"start":{"line":87,"column":0},"end":{"line":87,"column":19}}},"fnMap":{"0":{"name":"(anonymous_1)","decl":{"start":{"line":67,"column":8},"end":{"line":67,"column":9}},"loc":{"start":{"line":67,"column":19},"end":{"line":69,"column":1}}},"1":{"name":"(anonymous_2)","decl":{"start":{"line":81,"column":38},"end":{"line":81,"column":39}},"loc":{"start":{"line":81,"column":68},"end":{"line":84,"column":3}}}},"branchMap":{"0":{"loc":{"start":{"line":73,"column":0},"end":{"line":85,"column":1}},"type":"if","locations":[{"start":{"line":73,"column":0},"end":{"line":85,"column":1}}]},"1":{"loc":{"start":{"line":73,"column":4},"end":{"line":73,"column":51}},"type":"binary-expr","locations":[{"start":{"line":73,"column":4},"end":{"line":73,"column":16}},{"start":{"line":73,"column":20},"end":{"line":73,"column":51}}]}},"s":{"0":1,"1":1,"2":1,"3":1,"4":1,"5":1,"6":1,"7":1,"8":1,"9":1,"10":1,"11":1,"12":1,"13":1,"14":1,"15":1,"16":1,"17":1,"18":1,"19":1,"20":1,"21":1,"22":1,"23":1,"24":1,"25":1,"26":1,"27":1,"28":1,"29":1,"30":0,"31":1,"32":1,"33":0,"34":0,"35":0,"36":0,"37":0,"38":1},"f":{"0":0,"1":0},"b":{"0":[0],"1":[1,1]}}
,"/Users/josecarlosbrandao/Projects/personal/github/file-uploader/src/config.ts": {"path":"/Users/josecarlosbrandao/Projects/personal/github/file-uploader/src/config.ts","statementMap":{"0":{"start":{"line":1,"column":0},"end":{"line":1,"column":28}},"1":{"start":{"line":3,"column":0},"end":{"line":53,"column":2}}},"fnMap":{},"branchMap":{"0":{"loc":{"start":{"line":6,"column":15},"end":{"line":6,"column":131}},"type":"binary-expr","locations":[{"start":{"line":6,"column":15},"end":{"line":6,"column":70}},{"start":{"line":6,"column":74},"end":{"line":6,"column":131}}]},"1":{"loc":{"start":{"line":24,"column":21},"end":{"line":24,"column":125}},"type":"binary-expr","locations":[{"start":{"line":24,"column":21},"end":{"line":24,"column":72}},{"start":{"line":24,"column":76},"end":{"line":24,"column":125}}]},"2":{"loc":{"start":{"line":34,"column":19},"end":{"line":34,"column":111}},"type":"binary-expr","locations":[{"start":{"line":34,"column":19},"end":{"line":34,"column":64}},{"start":{"line":34,"column":68},"end":{"line":34,"column":111}}]},"3":{"loc":{"start":{"line":45,"column":16},"end":{"line":45,"column":102}},"type":"binary-expr","locations":[{"start":{"line":45,"column":16},"end":{"line":45,"column":58}},{"start":{"line":45,"column":62},"end":{"line":45,"column":102}}]},"4":{"loc":{"start":{"line":50,"column":13},"end":{"line":50,"column":99}},"type":"binary-expr","locations":[{"start":{"line":50,"column":13},"end":{"line":50,"column":53}},{"start":{"line":50,"column":57},"end":{"line":50,"column":99}}]}},"s":{"0":2,"1":2},"f":{},"b":{"0":[2,0],"1":[2,2],"2":[2,2],"3":[2,2],"4":[2,2]}}
,"/Users/josecarlosbrandao/Projects/personal/github/file-uploader/src/di/register.ts": {"path":"/Users/josecarlosbrandao/Projects/personal/github/file-uploader/src/di/register.ts","statementMap":{"0":{"start":{"line":1,"column":0},"end":{"line":1,"column":90}},"1":{"start":{"line":2,"column":0},"end":{"line":2,"column":35}},"2":{"start":{"line":4,"column":23},"end":{"line":8,"column":1}},"3":{"start":{"line":5,"column":2},"end":{"line":7,"column":5}},"4":{"start":{"line":4,"column":13},"end":{"line":4,"column":23}}},"fnMap":{"0":{"name":"(anonymous_0)","decl":{"start":{"line":4,"column":23},"end":{"line":4,"column":26}},"loc":{"start":{"line":4,"column":28},"end":{"line":8,"column":1}}}},"branchMap":{},"s":{"0":1,"1":1,"2":1,"3":1,"4":1},"f":{"0":1},"b":{}}
,"/Users/josecarlosbrandao/Projects/personal/github/file-uploader/src/logger/logger.ts": {"path":"/Users/josecarlosbrandao/Projects/personal/github/file-uploader/src/logger/logger.ts","statementMap":{"0":{"start":{"line":6,"column":0},"end":{"line":6,"column":59}},"1":{"start":{"line":7,"column":0},"end":{"line":7,"column":65}},"2":{"start":{"line":8,"column":0},"end":{"line":8,"column":28}},"3":{"start":{"line":22,"column":4},"end":{"line":22,"column":10}},"4":{"start":{"line":24,"column":28},"end":{"line":24,"column":60}},"5":{"start":{"line":25,"column":29},"end":{"line":25,"column":56}},"6":{"start":{"line":26,"column":25},"end":{"line":26,"column":54}},"7":{"start":{"line":27,"column":24},"end":{"line":27,"column":52}},"8":{"start":{"line":28,"column":28},"end":{"line":28,"column":53}},"9":{"start":{"line":29,"column":31},"end":{"line":29,"column":76}},"10":{"start":{"line":32,"column":2},"end":{"line":39,"column":5}},"11":{"start":{"line":33,"column":62},"end":{"line":33,"column":65}},"12":{"start":{"line":34,"column":16},"end":{"line":34,"column":38}},"13":{"start":{"line":36,"column":4},"end":{"line":38,"column":7}},"14":{"start":{"line":45,"column":2},"end":{"line":51,"column":3}},"15":{"start":{"line":46,"column":4},"end":{"line":46,"column":24}},"16":{"start":{"line":47,"column":9},"end":{"line":51,"column":3}},"17":{"start":{"line":48,"column":4},"end":{"line":48,"column":28}},"18":{"start":{"line":50,"column":4},"end":{"line":50,"column":24}},"19":{"start":{"line":53,"column":2},"end":{"line":53,"column":20}},"20":{"start":{"line":56,"column":15},"end":{"line":85,"column":2}},"21":{"start":{"line":87,"column":0},"end":{"line":87,"column":22}}},"fnMap":{"0":{"name":"text","decl":{"start":{"line":31,"column":9},"end":{"line":31,"column":13}},"loc":{"start":{"line":31,"column":13},"end":{"line":40,"column":1}}},"1":{"name":"(anonymous_2)","decl":{"start":{"line":32,"column":23},"end":{"line":32,"column":24}},"loc":{"start":{"line":32,"column":31},"end":{"line":39,"column":3}}},"2":{"name":"serializer","decl":{"start":{"line":42,"column":9},"end":{"line":42,"column":19}},"loc":{"start":{"line":42,"column":19},"end":{"line":54,"column":1}}}},"branchMap":{"0":{"loc":{"start":{"line":36,"column":47},"end":{"line":36,"column":73}},"type":"cond-expr","locations":[{"start":{"line":36,"column":55},"end":{"line":36,"column":68}},{"start":{"line":36,"column":71},"end":{"line":36,"column":73}}]},"1":{"loc":{"start":{"line":36,"column":76},"end":{"line":36,"column":98}},"type":"binary-expr","locations":[{"start":{"line":36,"column":76},"end":{"line":36,"column":83}},{"start":{"line":36,"column":87},"end":{"line":36,"column":92}},{"start":{"line":36,"column":96},"end":{"line":36,"column":98}}]},"2":{"loc":{"start":{"line":37,"column":6},"end":{"line":37,"column":null}},"type":"cond-expr","locations":[{"start":{"line":37,"column":13},"end":{"line":37,"column":33}},{"start":{"line":37,"column":36},"end":{"line":37,"column":null}}]},"3":{"loc":{"start":{"line":45,"column":2},"end":{"line":51,"column":3}},"type":"if","locations":[{"start":{"line":45,"column":2},"end":{"line":51,"column":3}},{"start":{"line":47,"column":9},"end":{"line":51,"column":3}}]},"4":{"loc":{"start":{"line":47,"column":9},"end":{"line":51,"column":3}},"type":"if","locations":[{"start":{"line":47,"column":9},"end":{"line":51,"column":3}},{"start":{"line":49,"column":9},"end":{"line":51,"column":3}}]}},"s":{"0":2,"1":2,"2":2,"3":2,"4":2,"5":2,"6":2,"7":2,"8":2,"9":2,"10":4,"11":26,"12":26,"13":26,"14":4,"15":0,"16":4,"17":0,"18":4,"19":4,"20":2,"21":2},"f":{"0":4,"1":26,"2":4},"b":{"0":[0,26],"1":[26,0,0],"2":[0,26],"3":[0,4],"4":[0,4]}}
,"/Users/josecarlosbrandao/Projects/personal/github/file-uploader/src/middlewares/common/basic-auth-authenticator.ts": {"path":"/Users/josecarlosbrandao/Projects/personal/github/file-uploader/src/middlewares/common/basic-auth-authenticator.ts","statementMap":{"0":{"start":{"line":1,"column":0},"end":{"line":1,"column":105}},"1":{"start":{"line":2,"column":0},"end":{"line":2,"column":40}},"2":{"start":{"line":4,"column":0},"end":{"line":4,"column":48}},"3":{"start":{"line":5,"column":0},"end":{"line":5,"column":32}},"4":{"start":{"line":7,"column":48},"end":{"line":57,"column":1}},"5":{"start":{"line":12,"column":2},"end":{"line":54,"column":3}},"6":{"start":{"line":13,"column":23},"end":{"line":13,"column":49}},"7":{"start":{"line":14,"column":4},"end":{"line":53,"column":5}},"8":{"start":{"line":15,"column":30},"end":{"line":15,"column":51}},"9":{"start":{"line":17,"column":6},"end":{"line":43,"column":7}},"10":{"start":{"line":23,"column":38},"end":{"line":23,"column":56}},"11":{"start":{"line":24,"column":35},"end":{"line":24,"column":97}},"12":{"start":{"line":26,"column":8},"end":{"line":34,"column":9}},"13":{"start":{"line":27,"column":10},"end":{"line":31,"column":15}},"14":{"start":{"line":33,"column":10},"end":{"line":33,"column":17}},"15":{"start":{"line":36,"column":8},"end":{"line":40,"column":13}},"16":{"start":{"line":42,"column":8},"end":{"line":42,"column":15}},"17":{"start":{"line":46,"column":6},"end":{"line":50,"column":11}},"18":{"start":{"line":52,"column":6},"end":{"line":52,"column":13}},"19":{"start":{"line":56,"column":2},"end":{"line":56,"column":9}},"20":{"start":{"line":7,"column":13},"end":{"line":7,"column":48}}},"fnMap":{"0":{"name":"(anonymous_1)","decl":{"start":{"line":7,"column":48},"end":{"line":7,"column":null}},"loc":{"start":{"line":11,"column":4},"end":{"line":57,"column":1}}}},"branchMap":{"0":{"loc":{"start":{"line":12,"column":2},"end":{"line":54,"column":3}},"type":"if","locations":[{"start":{"line":12,"column":2},"end":{"line":54,"column":3}}]},"1":{"loc":{"start":{"line":14,"column":4},"end":{"line":53,"column":5}},"type":"if","locations":[{"start":{"line":14,"column":4},"end":{"line":53,"column":5}},{"start":{"line":45,"column":11},"end":{"line":53,"column":5}}]},"2":{"loc":{"start":{"line":14,"column":8},"end":{"line":14,"column":50}},"type":"binary-expr","locations":[{"start":{"line":14,"column":8},"end":{"line":14,"column":26}},{"start":{"line":14,"column":30},"end":{"line":14,"column":50}}]},"3":{"loc":{"start":{"line":17,"column":6},"end":{"line":43,"column":7}},"type":"if","locations":[{"start":{"line":17,"column":6},"end":{"line":43,"column":7}},{"start":{"line":35,"column":13},"end":{"line":43,"column":7}}]},"4":{"loc":{"start":{"line":18,"column":8},"end":{"line":21,"column":38}},"type":"binary-expr","locations":[{"start":{"line":18,"column":8},"end":{"line":18,"column":31}},{"start":{"line":19,"column":8},"end":{"line":19,"column":33}},{"start":{"line":20,"column":8},"end":{"line":20,"column":36}},{"start":{"line":21,"column":8},"end":{"line":21,"column":38}}]},"5":{"loc":{"start":{"line":26,"column":8},"end":{"line":34,"column":9}},"type":"if","locations":[{"start":{"line":26,"column":8},"end":{"line":34,"column":9}}]}},"s":{"0":1,"1":1,"2":1,"3":1,"4":1,"5":5,"6":5,"7":5,"8":4,"9":4,"10":3,"11":3,"12":3,"13":1,"14":1,"15":1,"16":1,"17":1,"18":1,"19":2,"20":1},"f":{"0":5},"b":{"0":[5],"1":[4,1],"2":[5,4],"3":[3,1],"4":[4,4,4,3],"5":[1]}}
,"/Users/josecarlosbrandao/Projects/personal/github/file-uploader/src/middlewares/common/circuit-breaker.ts": {"path":"/Users/josecarlosbrandao/Projects/personal/github/file-uploader/src/middlewares/common/circuit-breaker.ts","statementMap":{"0":{"start":{"line":1,"column":0},"end":{"line":1,"column":74}},"1":{"start":{"line":2,"column":0},"end":{"line":2,"column":32}},"2":{"start":{"line":8,"column":13},"end":{"line":11,"column":3}}},"fnMap":{},"branchMap":{},"s":{"0":2,"1":2,"2":2},"f":{},"b":{}}
,"/Users/josecarlosbrandao/Projects/personal/github/file-uploader/src/middlewares/common/file-upload.ts": {"path":"/Users/josecarlosbrandao/Projects/personal/github/file-uploader/src/middlewares/common/file-upload.ts","statementMap":{"0":{"start":{"line":1,"column":0},"end":{"line":1,"column":105}},"1":{"start":{"line":3,"column":0},"end":{"line":3,"column":48}},"2":{"start":{"line":4,"column":0},"end":{"line":4,"column":26}},"3":{"start":{"line":5,"column":0},"end":{"line":5,"column":32}},"4":{"start":{"line":6,"column":0},"end":{"line":6,"column":20}},"5":{"start":{"line":7,"column":0},"end":{"line":7,"column":39}},"6":{"start":{"line":8,"column":0},"end":{"line":8,"column":88}},"7":{"start":{"line":10,"column":21},"end":{"line":24,"column":1}},"8":{"start":{"line":15,"column":39},"end":{"line":15,"column":86}},"9":{"start":{"line":17,"column":21},"end":{"line":17,"column":48}},"10":{"start":{"line":19,"column":4},"end":{"line":23,"column":5}},"11":{"start":{"line":20,"column":8},"end":{"line":20,"column":29}},"12":{"start":{"line":22,"column":8},"end":{"line":22,"column":135}},"13":{"start":{"line":26,"column":41},"end":{"line":34,"column":2}},"14":{"start":{"line":28,"column":8},"end":{"line":28,"column":75}},"15":{"start":{"line":29,"column":8},"end":{"line":29,"column":50}},"16":{"start":{"line":32,"column":8},"end":{"line":32,"column":73}},"17":{"start":{"line":36,"column":43},"end":{"line":36,"column":65}},"18":{"start":{"line":38,"column":27},"end":{"line":46,"column":2}},"19":{"start":{"line":48,"column":29},"end":{"line":48,"column":94}},"20":{"start":{"line":50,"column":46},"end":{"line":77,"column":1}},"21":{"start":{"line":55,"column":4},"end":{"line":76,"column":7}},"22":{"start":{"line":56,"column":8},"end":{"line":73,"column":9}},"23":{"start":{"line":57,"column":12},"end":{"line":57,"column":69}},"24":{"start":{"line":59,"column":12},"end":{"line":72,"column":13}},"25":{"start":{"line":61,"column":20},"end":{"line":63,"column":144}},"26":{"start":{"line":65,"column":20},"end":{"line":67,"column":106}},"27":{"start":{"line":69,"column":20},"end":{"line":71,"column":91}},"28":{"start":{"line":75,"column":8},"end":{"line":75,"column":15}},"29":{"start":{"line":50,"column":13},"end":{"line":50,"column":46}}},"fnMap":{"0":{"name":"(anonymous_7)","decl":{"start":{"line":10,"column":21},"end":{"line":10,"column":null}},"loc":{"start":{"line":14,"column":10},"end":{"line":24,"column":1}}},"1":{"name":"(anonymous_8)","decl":{"start":{"line":27,"column":17},"end":{"line":27,"column":18}},"loc":{"start":{"line":27,"column":35},"end":{"line":30,"column":5}}},"2":{"name":"(anonymous_9)","decl":{"start":{"line":31,"column":14},"end":{"line":31,"column":15}},"loc":{"start":{"line":31,"column":32},"end":{"line":33,"column":5}}},"3":{"name":"(anonymous_10)","decl":{"start":{"line":50,"column":46},"end":{"line":50,"column":null}},"loc":{"start":{"line":54,"column":4},"end":{"line":77,"column":1}}},"4":{"name":"(anonymous_11)","decl":{"start":{"line":55,"column":35},"end":{"line":55,"column":36}},"loc":{"start":{"line":55,"column":43},"end":{"line":76,"column":5}}}},"branchMap":{"0":{"loc":{"start":{"line":19,"column":4},"end":{"line":23,"column":5}},"type":"if","locations":[{"start":{"line":19,"column":4},"end":{"line":23,"column":5}},{"start":{"line":21,"column":11},"end":{"line":23,"column":5}}]},"1":{"loc":{"start":{"line":45,"column":13},"end":{"line":45,"column":88}},"type":"cond-expr","locations":[{"start":{"line":45,"column":49},"end":{"line":45,"column":66}},{"start":{"line":45,"column":69},"end":{"line":45,"column":88}}]},"2":{"loc":{"start":{"line":56,"column":8},"end":{"line":73,"column":9}},"type":"if","locations":[{"start":{"line":56,"column":8},"end":{"line":73,"column":9}}]},"3":{"loc":{"start":{"line":59,"column":12},"end":{"line":72,"column":13}},"type":"switch","locations":[{"start":{"line":60,"column":16},"end":{"line":63,"column":144}},{"start":{"line":64,"column":16},"end":{"line":67,"column":106}},{"start":{"line":68,"column":16},"end":{"line":71,"column":91}}]}},"s":{"0":1,"1":1,"2":1,"3":1,"4":1,"5":1,"6":1,"7":1,"8":3,"9":3,"10":3,"11":3,"12":0,"13":1,"14":0,"15":0,"16":0,"17":1,"18":1,"19":1,"20":1,"21":8,"22":8,"23":3,"24":3,"25":1,"26":1,"27":1,"28":5,"29":1},"f":{"0":3,"1":0,"2":0,"3":8,"4":8},"b":{"0":[3,0],"1":[0,1],"2":[3],"3":[1,1,1]}}
,"/Users/josecarlosbrandao/Projects/personal/github/file-uploader/src/middlewares/common/logger.ts": {"path":"/Users/josecarlosbrandao/Projects/personal/github/file-uploader/src/middlewares/common/logger.ts","statementMap":{"0":{"start":{"line":3,"column":0},"end":{"line":3,"column":33}},"1":{"start":{"line":4,"column":0},"end":{"line":4,"column":39}},"2":{"start":{"line":5,"column":0},"end":{"line":5,"column":28}},"3":{"start":{"line":6,"column":0},"end":{"line":6,"column":43}},"4":{"start":{"line":8,"column":0},"end":{"line":10,"column":null}},"5":{"start":{"line":9,"column":2},"end":{"line":9,"column":24}},"6":{"start":{"line":15,"column":2},"end":{"line":33,"column":3}},"7":{"start":{"line":16,"column":15},"end":{"line":16,"column":41}},"8":{"start":{"line":18,"column":4},"end":{"line":24,"column":5}},"9":{"start":{"line":19,"column":6},"end":{"line":23,"column":8}},"10":{"start":{"line":26,"column":4},"end":{"line":32,"column":5}},"11":{"start":{"line":27,"column":6},"end":{"line":31,"column":8}},"12":{"start":{"line":35,"column":2},"end":{"line":35,"column":25}},"13":{"start":{"line":38,"column":25},"end":{"line":49,"column":2}},"14":{"start":{"line":38,"column":31},"end":{"line":49,"column":2}},"15":{"start":{"line":51,"column":13},"end":{"line":125,"column":2}},"16":{"start":{"line":56,"column":30},"end":{"line":56,"column":56}},"17":{"start":{"line":58,"column":32},"end":{"line":58,"column":73}},"18":{"start":{"line":60,"column":35},"end":{"line":63,"column":10}},"19":{"start":{"line":65,"column":8},"end":{"line":69,"column":9}},"20":{"start":{"line":66,"column":10},"end":{"line":68,"column":12}},"21":{"start":{"line":71,"column":8},"end":{"line":75,"column":9}},"22":{"start":{"line":72,"column":10},"end":{"line":74,"column":12}},"23":{"start":{"line":77,"column":8},"end":{"line":81,"column":9}},"24":{"start":{"line":78,"column":10},"end":{"line":80,"column":12}},"25":{"start":{"line":83,"column":8},"end":{"line":87,"column":9}},"26":{"start":{"line":84,"column":10},"end":{"line":86,"column":12}},"27":{"start":{"line":89,"column":8},"end":{"line":95,"column":9}},"28":{"start":{"line":92,"column":10},"end":{"line":94,"column":12}},"29":{"start":{"line":97,"column":8},"end":{"line":103,"column":9}},"30":{"start":{"line":100,"column":10},"end":{"line":102,"column":12}},"31":{"start":{"line":105,"column":8},"end":{"line":111,"column":9}},"32":{"start":{"line":108,"column":10},"end":{"line":110,"column":12}},"33":{"start":{"line":113,"column":8},"end":{"line":119,"column":9}},"34":{"start":{"line":116,"column":10},"end":{"line":118,"column":12}},"35":{"start":{"line":121,"column":8},"end":{"line":121,"column":50}}},"fnMap":{"0":{"name":"getRequestId","decl":{"start":{"line":8,"column":36},"end":{"line":8,"column":48}},"loc":{"start":{"line":8,"column":62},"end":{"line":10,"column":1}}},"1":{"name":"parseUserAgent","decl":{"start":{"line":12,"column":9},"end":{"line":12,"column":23}},"loc":{"start":{"line":12,"column":41},"end":{"line":36,"column":1}}},"2":{"name":"(anonymous_3)","decl":{"start":{"line":38,"column":25},"end":{"line":38,"column":28}},"loc":{"start":{"line":38,"column":31},"end":{"line":49,"column":2}}},"3":{"name":"(anonymous_4)","decl":{"start":{"line":55,"column":13},"end":{"line":55,"column":14}},"loc":{"start":{"line":55,"column":33},"end":{"line":122,"column":7}}}},"branchMap":{"0":{"loc":{"start":{"line":15,"column":2},"end":{"line":33,"column":3}},"type":"if","locations":[{"start":{"line":15,"column":2},"end":{"line":33,"column":3}}]},"1":{"loc":{"start":{"line":18,"column":4},"end":{"line":24,"column":5}},"type":"if","locations":[{"start":{"line":18,"column":4},"end":{"line":24,"column":5}}]},"2":{"loc":{"start":{"line":20,"column":12},"end":{"line":20,"column":33}},"type":"binary-expr","locations":[{"start":{"line":20,"column":12},"end":{"line":20,"column":27}},{"start":{"line":20,"column":31},"end":{"line":20,"column":33}}]},"3":{"loc":{"start":{"line":26,"column":4},"end":{"line":32,"column":5}},"type":"if","locations":[{"start":{"line":26,"column":4},"end":{"line":32,"column":5}}]},"4":{"loc":{"start":{"line":28,"column":12},"end":{"line":28,"column":33}},"type":"binary-expr","locations":[{"start":{"line":28,"column":12},"end":{"line":28,"column":27}},{"start":{"line":28,"column":31},"end":{"line":28,"column":33}}]},"5":{"loc":{"start":{"line":65,"column":8},"end":{"line":69,"column":9}},"type":"if","locations":[{"start":{"line":65,"column":8},"end":{"line":69,"column":9}}]},"6":{"loc":{"start":{"line":71,"column":8},"end":{"line":75,"column":9}},"type":"if","locations":[{"start":{"line":71,"column":8},"end":{"line":75,"column":9}}]},"7":{"loc":{"start":{"line":77,"column":8},"end":{"line":81,"column":9}},"type":"if","locations":[{"start":{"line":77,"column":8},"end":{"line":81,"column":9}}]},"8":{"loc":{"start":{"line":83,"column":8},"end":{"line":87,"column":9}},"type":"if","locations":[{"start":{"line":83,"column":8},"end":{"line":87,"column":9}}]},"9":{"loc":{"start":{"line":89,"column":8},"end":{"line":95,"column":9}},"type":"if","locations":[{"start":{"line":89,"column":8},"end":{"line":95,"column":9}}]},"10":{"loc":{"start":{"line":93,"column":45},"end":{"line":93,"column":88}},"type":"binary-expr","locations":[{"start":{"line":93,"column":45},"end":{"line":93,"column":82}},{"start":{"line":93,"column":86},"end":{"line":93,"column":88}}]},"11":{"loc":{"start":{"line":97,"column":8},"end":{"line":103,"column":9}},"type":"if","locations":[{"start":{"line":97,"column":8},"end":{"line":103,"column":9}}]},"12":{"loc":{"start":{"line":101,"column":48},"end":{"line":101,"column":94}},"type":"binary-expr","locations":[{"start":{"line":101,"column":48},"end":{"line":101,"column":88}},{"start":{"line":101,"column":92},"end":{"line":101,"column":94}}]},"13":{"loc":{"start":{"line":105,"column":8},"end":{"line":111,"column":9}},"type":"if","locations":[{"start":{"line":105,"column":8},"end":{"line":111,"column":9}}]},"14":{"loc":{"start":{"line":109,"column":40},"end":{"line":109,"column":78}},"type":"binary-expr","locations":[{"start":{"line":109,"column":40},"end":{"line":109,"column":72}},{"start":{"line":109,"column":76},"end":{"line":109,"column":78}}]},"15":{"loc":{"start":{"line":113,"column":8},"end":{"line":119,"column":9}},"type":"if","locations":[{"start":{"line":113,"column":8},"end":{"line":119,"column":9}}]},"16":{"loc":{"start":{"line":117,"column":43},"end":{"line":117,"column":84}},"type":"binary-expr","locations":[{"start":{"line":117,"column":43},"end":{"line":117,"column":78}},{"start":{"line":117,"column":82},"end":{"line":117,"column":84}}]}},"s":{"0":1,"1":1,"2":1,"3":1,"4":1,"5":8,"6":8,"7":8,"8":8,"9":8,"10":8,"11":8,"12":8,"13":1,"14":1,"15":1,"16":8,"17":8,"18":8,"19":8,"20":8,"21":8,"22":8,"23":8,"24":8,"25":8,"26":8,"27":8,"28":0,"29":8,"30":0,"31":8,"32":0,"33":8,"34":0,"35":8},"f":{"0":8,"1":8,"2":1,"3":8},"b":{"0":[8],"1":[8],"2":[8,8],"3":[8],"4":[8,0],"5":[8],"6":[8],"7":[8],"8":[8],"9":[0],"10":[0,0],"11":[0],"12":[0,0],"13":[0],"14":[0,0],"15":[0],"16":[0,0]}}
,"/Users/josecarlosbrandao/Projects/personal/github/file-uploader/src/middlewares/common/request-id.ts": {"path":"/Users/josecarlosbrandao/Projects/personal/github/file-uploader/src/middlewares/common/request-id.ts","statementMap":{"0":{"start":{"line":2,"column":0},"end":{"line":2,"column":28}},"1":{"start":{"line":4,"column":35},"end":{"line":12,"column":1}},"2":{"start":{"line":9,"column":2},"end":{"line":9,"column":39}},"3":{"start":{"line":11,"column":2},"end":{"line":11,"column":9}},"4":{"start":{"line":4,"column":13},"end":{"line":4,"column":35}}},"fnMap":{"0":{"name":"(anonymous_1)","decl":{"start":{"line":4,"column":35},"end":{"line":4,"column":null}},"loc":{"start":{"line":8,"column":4},"end":{"line":12,"column":1}}}},"branchMap":{},"s":{"0":1,"1":1,"2":8,"3":8,"4":1},"f":{"0":8},"b":{}}
,"/Users/josecarlosbrandao/Projects/personal/github/file-uploader/src/middlewares/common/retry.ts": {"path":"/Users/josecarlosbrandao/Projects/personal/github/file-uploader/src/middlewares/common/retry.ts","statementMap":{"0":{"start":{"line":1,"column":0},"end":{"line":1,"column":65}},"1":{"start":{"line":2,"column":0},"end":{"line":2,"column":32}},"2":{"start":{"line":5,"column":13},"end":{"line":11,"column":2}}},"fnMap":{},"branchMap":{},"s":{"0":2,"1":2,"2":2},"f":{},"b":{}}
,"/Users/josecarlosbrandao/Projects/personal/github/file-uploader/src/middlewares/common/telemetry.ts": {"path":"/Users/josecarlosbrandao/Projects/personal/github/file-uploader/src/middlewares/common/telemetry.ts","statementMap":{"0":{"start":{"line":1,"column":0},"end":{"line":1,"column":32}},"1":{"start":{"line":2,"column":0},"end":{"line":2,"column":45}},"2":{"start":{"line":4,"column":13},"end":{"line":17,"column":3}}},"fnMap":{},"branchMap":{},"s":{"0":1,"1":1,"2":1},"f":{},"b":{}}
,"/Users/josecarlosbrandao/Projects/personal/github/file-uploader/src/models/common/basic-auth-failure-response.model.ts": {"path":"/Users/josecarlosbrandao/Projects/personal/github/file-uploader/src/models/common/basic-auth-failure-response.model.ts","statementMap":{"0":{"start":{"line":1,"column":0},"end":{"line":1,"column":null}},"1":{"start":{"line":2,"column":4},"end":{"line":2,"column":null}},"2":{"start":{"line":3,"column":4},"end":{"line":3,"column":null}},"3":{"start":{"line":4,"column":4},"end":{"line":4,"column":null}}},"fnMap":{"0":{"name":"(anonymous_0)","decl":{"start":{"line":1,"column":0},"end":{"line":1,"column":12}},"loc":{"start":{"line":1,"column":46},"end":{"line":5,"column":1}}}},"branchMap":{"0":{"loc":{"start":{"line":1,"column":12},"end":{"line":1,"column":null}},"type":"binary-expr","locations":[{"start":{"line":1,"column":12},"end":{"line":1,"column":46}},{"start":{"line":1,"column":46},"end":{"line":1,"column":null}}]}},"s":{"0":1,"1":1,"2":1,"3":1},"f":{"0":1},"b":{"0":[1,1]}}
,"/Users/josecarlosbrandao/Projects/personal/github/file-uploader/src/models/file/file-upload-failure-response.model.ts": {"path":"/Users/josecarlosbrandao/Projects/personal/github/file-uploader/src/models/file/file-upload-failure-response.model.ts","statementMap":{"0":{"start":{"line":5,"column":0},"end":{"line":5,"column":null}},"1":{"start":{"line":6,"column":4},"end":{"line":6,"column":null}},"2":{"start":{"line":7,"column":4},"end":{"line":7,"column":null}},"3":{"start":{"line":8,"column":4},"end":{"line":8,"column":null}},"4":{"start":{"line":9,"column":4},"end":{"line":9,"column":null}},"5":{"start":{"line":10,"column":4},"end":{"line":10,"column":null}},"6":{"start":{"line":11,"column":4},"end":{"line":11,"column":null}},"7":{"start":{"line":12,"column":4},"end":{"line":12,"column":null}}},"fnMap":{"0":{"name":"(anonymous_0)","decl":{"start":{"line":5,"column":0},"end":{"line":5,"column":12}},"loc":{"start":{"line":5,"column":47},"end":{"line":13,"column":1}}}},"branchMap":{"0":{"loc":{"start":{"line":5,"column":12},"end":{"line":5,"column":null}},"type":"binary-expr","locations":[{"start":{"line":5,"column":12},"end":{"line":5,"column":47}},{"start":{"line":5,"column":47},"end":{"line":5,"column":null}}]}},"s":{"0":1,"1":1,"2":1,"3":1,"4":1,"5":1,"6":1,"7":1},"f":{"0":1},"b":{"0":[1,1]}}
,"/Users/josecarlosbrandao/Projects/personal/github/file-uploader/src/models/file/file-upload-success-response.model.ts": {"path":"/Users/josecarlosbrandao/Projects/personal/github/file-uploader/src/models/file/file-upload-success-response.model.ts","statementMap":{"0":{"start":{"line":3,"column":0},"end":{"line":3,"column":null}},"1":{"start":{"line":4,"column":4},"end":{"line":4,"column":null}}},"fnMap":{"0":{"name":"(anonymous_0)","decl":{"start":{"line":3,"column":0},"end":{"line":3,"column":12}},"loc":{"start":{"line":3,"column":47},"end":{"line":5,"column":1}}}},"branchMap":{"0":{"loc":{"start":{"line":3,"column":12},"end":{"line":3,"column":null}},"type":"binary-expr","locations":[{"start":{"line":3,"column":12},"end":{"line":3,"column":47}},{"start":{"line":3,"column":47},"end":{"line":3,"column":null}}]}},"s":{"0":1,"1":1},"f":{"0":1},"b":{"0":[1,1]}}
,"/Users/josecarlosbrandao/Projects/personal/github/file-uploader/src/router/index.ts": {"path":"/Users/josecarlosbrandao/Projects/personal/github/file-uploader/src/router/index.ts","statementMap":{"0":{"start":{"line":1,"column":0},"end":{"line":1,"column":26}},"1":{"start":{"line":2,"column":0},"end":{"line":2,"column":99}},"2":{"start":{"line":3,"column":0},"end":{"line":3,"column":37}},"3":{"start":{"line":4,"column":0},"end":{"line":4,"column":75}},"4":{"start":{"line":5,"column":0},"end":{"line":5,"column":77}},"5":{"start":{"line":8,"column":0},"end":{"line":8,"column":84}},"6":{"start":{"line":9,"column":0},"end":{"line":9,"column":30}},"7":{"start":{"line":10,"column":0},"end":{"line":10,"column":30}},"8":{"start":{"line":12,"column":15},"end":{"line":12,"column":31}},"9":{"start":{"line":14,"column":0},"end":{"line":31,"column":2}},"10":{"start":{"line":17,"column":22},"end":{"line":17,"column":68}},"11":{"start":{"line":18,"column":22},"end":{"line":18,"column":70}},"12":{"start":{"line":20,"column":43},"end":{"line":20,"column":76}},"13":{"start":{"line":22,"column":86},"end":{"line":24,"column":null}},"14":{"start":{"line":27,"column":4},"end":{"line":29,"column":48}},"15":{"start":{"line":33,"column":0},"end":{"line":33,"column":22}}},"fnMap":{"0":{"name":"(anonymous_1)","decl":{"start":{"line":17,"column":2},"end":{"line":17,"column":3}},"loc":{"start":{"line":17,"column":22},"end":{"line":17,"column":68}}},"1":{"name":"(anonymous_2)","decl":{"start":{"line":18,"column":2},"end":{"line":18,"column":3}},"loc":{"start":{"line":18,"column":22},"end":{"line":18,"column":70}}},"2":{"name":"(anonymous_3)","decl":{"start":{"line":19,"column":2},"end":{"line":19,"column":7}},"loc":{"start":{"line":19,"column":21},"end":{"line":30,"column":3}}}},"branchMap":{},"s":{"0":1,"1":1,"2":1,"3":1,"4":1,"5":1,"6":1,"7":1,"8":1,"9":1,"10":8,"11":5,"12":2,"13":2,"14":2,"15":1},"f":{"0":8,"1":5,"2":2},"b":{}}
,"/Users/josecarlosbrandao/Projects/personal/github/file-uploader/src/router/controllers/file/file.controller.ts": {"path":"/Users/josecarlosbrandao/Projects/personal/github/file-uploader/src/router/controllers/file/file.controller.ts","statementMap":{"0":{"start":{"line":1,"column":0},"end":{"line":1,"column":107}},"1":{"start":{"line":3,"column":0},"end":{"line":3,"column":110}},"2":{"start":{"line":5,"column":0},"end":{"line":5,"column":137}},"3":{"start":{"line":7,"column":0},"end":{"line":7,"column":137}},"4":{"start":{"line":9,"column":0},"end":{"line":9,"column":48}},"5":{"start":{"line":10,"column":0},"end":{"line":10,"column":46}},"6":{"start":{"line":11,"column":0},"end":{"line":11,"column":32}},"7":{"start":{"line":12,"column":0},"end":{"line":12,"column":39}},"8":{"start":{"line":22,"column":7},"end":{"line":100,"column":null}},"9":{"start":{"line":23,"column":45},"end":{"line":23,"column":69}},"10":{"start":{"line":53,"column":4},"end":{"line":59,"column":5}},"11":{"start":{"line":55,"column":6},"end":{"line":58,"column":37}},"12":{"start":{"line":61,"column":4},"end":{"line":66,"column":5}},"13":{"start":{"line":62,"column":6},"end":{"line":65,"column":37}},"14":{"start":{"line":68,"column":63},"end":{"line":73,"column":6}},"15":{"start":{"line":68,"column":84},"end":{"line":72,"column":null}},"16":{"start":{"line":75,"column":4},"end":{"line":98,"column":5}},"17":{"start":{"line":76,"column":24},"end":{"line":76,"column":62}},"18":{"start":{"line":78,"column":6},"end":{"line":83,"column":7}},"19":{"start":{"line":78,"column":40},"end":{"line":78,"column":49}},"20":{"start":{"line":79,"column":8},"end":{"line":82,"column":39}},"21":{"start":{"line":85,"column":6},"end":{"line":88,"column":37}},"22":{"start":{"line":90,"column":28},"end":{"line":90,"column":48}},"23":{"start":{"line":92,"column":6},"end":{"line":92,"column":67}},"24":{"start":{"line":94,"column":6},"end":{"line":97,"column":37}},"25":{"start":{"line":22,"column":13},"end":{"line":22,"column":27}},"26":{"start":{"line":49,"column":15},"end":{"line":99,"column":null}},"27":{"start":{"line":22,"column":13},"end":{"line":100,"column":null}}},"fnMap":{"0":{"name":"(anonymous_5)","decl":{"start":{"line":23,"column":2},"end":{"line":23,"column":15}},"loc":{"start":{"line":23,"column":69},"end":{"line":23,"column":73}}},"1":{"name":"(anonymous_6)","decl":{"start":{"line":49,"column":9},"end":{"line":49,"column":14}},"loc":{"start":{"line":51,"column":31},"end":{"line":99,"column":3}}},"2":{"name":"(anonymous_7)","decl":{"start":{"line":68,"column":74},"end":{"line":68,"column":75}},"loc":{"start":{"line":68,"column":84},"end":{"line":72,"column":null}}},"3":{"name":"(anonymous_8)","decl":{"start":{"line":78,"column":26},"end":{"line":78,"column":27}},"loc":{"start":{"line":78,"column":40},"end":{"line":78,"column":49}}}},"branchMap":{"0":{"loc":{"start":{"line":53,"column":4},"end":{"line":59,"column":5}},"type":"if","locations":[{"start":{"line":53,"column":4},"end":{"line":59,"column":5}}]},"1":{"loc":{"start":{"line":61,"column":4},"end":{"line":66,"column":5}},"type":"if","locations":[{"start":{"line":61,"column":4},"end":{"line":66,"column":5}}]},"2":{"loc":{"start":{"line":61,"column":8},"end":{"line":61,"column":37}},"type":"binary-expr","locations":[{"start":{"line":61,"column":8},"end":{"line":61,"column":14}},{"start":{"line":61,"column":18},"end":{"line":61,"column":37}}]},"3":{"loc":{"start":{"line":78,"column":6},"end":{"line":83,"column":7}},"type":"if","locations":[{"start":{"line":78,"column":6},"end":{"line":83,"column":7}}]}},"s":{"0":1,"1":1,"2":1,"3":1,"4":1,"5":1,"6":1,"7":1,"8":1,"9":2,"10":2,"11":0,"12":2,"13":1,"14":1,"15":1,"16":1,"17":1,"18":1,"19":1,"20":0,"21":1,"22":0,"23":0,"24":0,"25":1,"26":1,"27":1},"f":{"0":2,"1":2,"2":1,"3":1},"b":{"0":[0],"1":[1],"2":[2,1],"3":[0]}}
,"/Users/josecarlosbrandao/Projects/personal/github/file-uploader/src/services/implementation/file/file.service.ts": {"path":"/Users/josecarlosbrandao/Projects/personal/github/file-uploader/src/services/implementation/file/file.service.ts","statementMap":{"0":{"start":{"line":1,"column":0},"end":{"line":1,"column":78}},"1":{"start":{"line":3,"column":0},"end":{"line":3,"column":40}},"2":{"start":{"line":4,"column":0},"end":{"line":4,"column":59}},"3":{"start":{"line":5,"column":0},"end":{"line":5,"column":44}},"4":{"start":{"line":6,"column":0},"end":{"line":6,"column":32}},"5":{"start":{"line":7,"column":0},"end":{"line":7,"column":75}},"6":{"start":{"line":8,"column":0},"end":{"line":8,"column":39}},"7":{"start":{"line":12,"column":25},"end":{"line":12,"column":64}},"8":{"start":{"line":17,"column":4},"end":{"line":27,"column":5}},"9":{"start":{"line":26,"column":6},"end":{"line":26,"column":13}},"10":{"start":{"line":29,"column":26},"end":{"line":29,"column":64}},"11":{"start":{"line":31,"column":4},"end":{"line":41,"column":5}},"12":{"start":{"line":32,"column":6},"end":{"line":32,"column":93}},"13":{"start":{"line":34,"column":6},"end":{"line":40,"column":7}},"14":{"start":{"line":35,"column":8},"end":{"line":35,"column":39}},"15":{"start":{"line":36,"column":8},"end":{"line":36,"column":73}},"16":{"start":{"line":38,"column":8},"end":{"line":38,"column":68}},"17":{"start":{"line":39,"column":8},"end":{"line":39,"column":26}},"18":{"start":{"line":43,"column":21},"end":{"line":43,"column":76}},"19":{"start":{"line":45,"column":37},"end":{"line":45,"column":81}},"20":{"start":{"line":46,"column":4},"end":{"line":46,"column":44}},"21":{"start":{"line":48,"column":4},"end":{"line":48,"column":20}},"22":{"start":{"line":52,"column":22},"end":{"line":52,"column":26}},"23":{"start":{"line":54,"column":17},"end":{"line":54,"column":18}},"24":{"start":{"line":56,"column":4},"end":{"line":78,"column":7}},"25":{"start":{"line":57,"column":25},"end":{"line":75,"column":7}},"26":{"start":{"line":58,"column":32},"end":{"line":58,"column":36}},"27":{"start":{"line":60,"column":8},"end":{"line":66,"column":9}},"28":{"start":{"line":61,"column":24},"end":{"line":61,"column":67}},"29":{"start":{"line":63,"column":10},"end":{"line":63,"column":55}},"30":{"start":{"line":65,"column":10},"end":{"line":65,"column":30}},"31":{"start":{"line":68,"column":8},"end":{"line":74,"column":9}},"32":{"start":{"line":69,"column":10},"end":{"line":69,"column":28}},"33":{"start":{"line":70,"column":10},"end":{"line":70,"column":32}},"34":{"start":{"line":71,"column":10},"end":{"line":71,"column":20}},"35":{"start":{"line":73,"column":10},"end":{"line":73,"column":48}},"36":{"start":{"line":77,"column":6},"end":{"line":77,"column":19}},"37":{"start":{"line":14,"column":0},"end":{"line":14,"column":13}},"38":{"start":{"line":16,"column":8},"end":{"line":49,"column":null}}},"fnMap":{"0":{"name":"(anonymous_3)","decl":{"start":{"line":16,"column":2},"end":{"line":16,"column":7}},"loc":{"start":{"line":16,"column":87},"end":{"line":49,"column":3}}},"1":{"name":"(anonymous_4)","decl":{"start":{"line":51,"column":10},"end":{"line":51,"column":15}},"loc":{"start":{"line":51,"column":64},"end":{"line":79,"column":3}}},"2":{"name":"(anonymous_5)","decl":{"start":{"line":56,"column":23},"end":{"line":56,"column":24}},"loc":{"start":{"line":56,"column":35},"end":{"line":78,"column":5}}},"3":{"name":"(anonymous_6)","decl":{"start":{"line":57,"column":25},"end":{"line":57,"column":28}},"loc":{"start":{"line":57,"column":30},"end":{"line":75,"column":7}}}},"branchMap":{"0":{"loc":{"start":{"line":17,"column":4},"end":{"line":27,"column":5}},"type":"if","locations":[{"start":{"line":17,"column":4},"end":{"line":27,"column":5}}]},"1":{"loc":{"start":{"line":18,"column":6},"end":{"line":24,"column":24}},"type":"binary-expr","locations":[{"start":{"line":18,"column":6},"end":{"line":18,"column":13}},{"start":{"line":19,"column":6},"end":{"line":19,"column":24}},{"start":{"line":20,"column":6},"end":{"line":20,"column":26}},{"start":{"line":21,"column":6},"end":{"line":21,"column":21}},{"start":{"line":22,"column":6},"end":{"line":22,"column":23}},{"start":{"line":23,"column":6},"end":{"line":23,"column":22}},{"start":{"line":24,"column":6},"end":{"line":24,"column":24}}]},"2":{"loc":{"start":{"line":31,"column":4},"end":{"line":41,"column":5}},"type":"if","locations":[{"start":{"line":31,"column":4},"end":{"line":41,"column":5}},{"start":{"line":33,"column":11},"end":{"line":41,"column":5}}]},"3":{"loc":{"start":{"line":60,"column":15},"end":{"line":60,"column":58}},"type":"binary-expr","locations":[{"start":{"line":60,"column":15},"end":{"line":60,"column":37}},{"start":{"line":60,"column":41},"end":{"line":60,"column":58}}]},"4":{"loc":{"start":{"line":68,"column":8},"end":{"line":74,"column":9}},"type":"if","locations":[{"start":{"line":68,"column":8},"end":{"line":74,"column":9}},{"start":{"line":72,"column":15},"end":{"line":74,"column":9}}]}},"s":{"0":2,"1":2,"2":2,"3":2,"4":2,"5":2,"6":2,"7":2,"8":3,"9":1,"10":2,"11":2,"12":2,"13":0,"14":0,"15":0,"16":0,"17":0,"18":2,"19":2,"20":2,"21":2,"22":2,"23":2,"24":2,"25":2,"26":3201,"27":3201,"28":51201,"29":51201,"30":51201,"31":3201,"32":2,"33":2,"34":2,"35":3199,"36":2,"37":2,"38":2},"f":{"0":3,"1":2,"2":2,"3":3201},"b":{"0":[1],"1":[3,3,3,2,2,2,2],"2":[2,0],"3":[54402,54400],"4":[2,3199]}}
,"/Users/josecarlosbrandao/Projects/personal/github/file-uploader/src/utils/common/cors.ts": {"path":"/Users/josecarlosbrandao/Projects/personal/github/file-uploader/src/utils/common/cors.ts","statementMap":{"0":{"start":{"line":1,"column":0},"end":{"line":1,"column":32}},"1":{"start":{"line":4,"column":28},"end":{"line":4,"column":54}},"2":{"start":{"line":6,"column":2},"end":{"line":6,"column":94}},"3":{"start":{"line":3,"column":0},"end":{"line":3,"column":16}}},"fnMap":{"0":{"name":"getCorsAllowedOrigins","decl":{"start":{"line":3,"column":16},"end":{"line":3,"column":37}},"loc":{"start":{"line":3,"column":37},"end":{"line":7,"column":1}}}},"branchMap":{"0":{"loc":{"start":{"line":6,"column":9},"end":{"line":6,"column":93}},"type":"cond-expr","locations":[{"start":{"line":6,"column":59},"end":{"line":6,"column":62}},{"start":{"line":6,"column":65},"end":{"line":6,"column":93}}]},"1":{"loc":{"start":{"line":6,"column":9},"end":{"line":6,"column":56}},"type":"binary-expr","locations":[{"start":{"line":6,"column":9},"end":{"line":6,"column":27}},{"start":{"line":6,"column":31},"end":{"line":6,"column":56}}]}},"s":{"0":1,"1":2,"2":2,"3":1},"f":{"0":2},"b":{"0":[2,0],"1":[2,2]}}
,"/Users/josecarlosbrandao/Projects/personal/github/file-uploader/src/utils/common/dynamic-rate-limiter.ts": {"path":"/Users/josecarlosbrandao/Projects/personal/github/file-uploader/src/utils/common/dynamic-rate-limiter.ts","statementMap":{"0":{"start":{"line":1,"column":0},"end":{"line":1,"column":32}},"1":{"start":{"line":2,"column":0},"end":{"line":2,"column":81}},"2":{"start":{"line":5,"column":70},"end":{"line":9,"column":6}},"3":{"start":{"line":12,"column":8},"end":{"line":12,"column":44}},"4":{"start":{"line":16,"column":8},"end":{"line":16,"column":58}},"5":{"start":{"line":17,"column":8},"end":{"line":17,"column":44}},"6":{"start":{"line":4,"column":0},"end":{"line":4,"column":13}}},"fnMap":{"0":{"name":"(anonymous_1)","decl":{"start":{"line":11,"column":4},"end":{"line":11,"column":10}},"loc":{"start":{"line":11,"column":14},"end":{"line":13,"column":5}}},"1":{"name":"(anonymous_2)","decl":{"start":{"line":15,"column":4},"end":{"line":15,"column":10}},"loc":{"start":{"line":15,"column":40},"end":{"line":18,"column":5}}}},"branchMap":{},"s":{"0":1,"1":1,"2":1,"3":1,"4":0,"5":0,"6":1},"f":{"0":1,"1":0},"b":{}}
}
