TN:
SF:config/custom-environment-variables.js
FNF:0
FNH:0
DA:1,2
LF:1
LH:1
BRF:0
BRH:0
end_of_record
TN:
SF:config/default.js
FNF:0
FNH:0
DA:1,2
LF:1
LH:1
BRF:0
BRH:0
end_of_record
TN:
SF:config/test.js
FNF:0
FNH:0
DA:1,2
LF:1
LH:1
BRF:0
BRH:0
end_of_record
TN:
SF:src/app.ts
FN:67,(anonymous_1)
FN:81,(anonymous_2)
FNF:2
FNH:0
FNDA:0,(anonymous_1)
FNDA:0,(anonymous_2)
DA:1,1
DA:2,1
DA:3,1
DA:4,1
DA:5,1
DA:7,1
DA:8,1
DA:9,1
DA:10,1
DA:11,1
DA:12,1
DA:13,1
DA:14,1
DA:15,1
DA:16,1
DA:17,1
DA:18,1
DA:20,1
DA:22,1
DA:28,1
DA:37,1
DA:39,1
DA:41,1
DA:43,1
DA:49,1
DA:51,1
DA:53,1
DA:55,1
DA:57,1
DA:67,1
DA:68,0
DA:71,1
DA:73,1
DA:74,0
DA:79,0
DA:81,0
DA:82,0
DA:83,0
DA:87,1
LF:39
LH:33
BRDA:73,0,0,0
BRDA:73,1,0,1
BRDA:73,1,1,1
BRF:3
BRH:2
end_of_record
TN:
SF:src/config.ts
FNF:0
FNH:0
DA:1,2
DA:3,2
LF:2
LH:2
BRDA:6,0,0,2
BRDA:6,0,1,0
BRDA:24,1,0,2
BRDA:24,1,1,2
BRDA:34,2,0,2
BRDA:34,2,1,2
BRDA:45,3,0,2
BRDA:45,3,1,2
BRDA:50,4,0,2
BRDA:50,4,1,2
BRF:10
BRH:9
end_of_record
TN:
SF:src/di/register.ts
FN:4,(anonymous_0)
FNF:1
FNH:1
FNDA:1,(anonymous_0)
DA:1,1
DA:2,1
DA:4,1
DA:5,1
LF:4
LH:4
BRF:0
BRH:0
end_of_record
TN:
SF:src/logger/logger.ts
FN:31,text
FN:32,(anonymous_2)
FN:42,serializer
FNF:3
FNH:3
FNDA:4,text
FNDA:26,(anonymous_2)
FNDA:4,serializer
DA:6,2
DA:7,2
DA:8,2
DA:22,2
DA:24,2
DA:25,2
DA:26,2
DA:27,2
DA:28,2
DA:29,2
DA:32,4
DA:33,26
DA:34,26
DA:36,26
DA:45,4
DA:46,0
DA:47,4
DA:48,0
DA:50,4
DA:53,4
DA:56,2
DA:87,2
LF:22
LH:20
BRDA:36,0,0,0
BRDA:36,0,1,26
BRDA:36,1,0,26
BRDA:36,1,1,0
BRDA:36,1,2,0
BRDA:37,2,0,0
BRDA:37,2,1,26
BRDA:45,3,0,0
BRDA:45,3,1,4
BRDA:47,4,0,0
BRDA:47,4,1,4
BRF:11
BRH:5
end_of_record
TN:
SF:src/middlewares/common/basic-auth-authenticator.ts
FN:7,(anonymous_1)
FNF:1
FNH:1
FNDA:5,(anonymous_1)
DA:1,1
DA:2,1
DA:4,1
DA:5,1
DA:7,1
DA:12,5
DA:13,5
DA:14,5
DA:15,4
DA:17,4
DA:23,3
DA:24,3
DA:26,3
DA:27,1
DA:33,1
DA:36,1
DA:42,1
DA:46,1
DA:52,1
DA:56,2
LF:20
LH:20
BRDA:12,0,0,5
BRDA:14,1,0,4
BRDA:14,1,1,1
BRDA:14,2,0,5
BRDA:14,2,1,4
BRDA:17,3,0,3
BRDA:17,3,1,1
BRDA:18,4,0,4
BRDA:18,4,1,4
BRDA:18,4,2,4
BRDA:18,4,3,3
BRDA:26,5,0,1
BRF:12
BRH:12
end_of_record
TN:
SF:src/middlewares/common/circuit-breaker.ts
FNF:0
FNH:0
DA:1,2
DA:2,2
DA:8,2
LF:3
LH:3
BRF:0
BRH:0
end_of_record
TN:
SF:src/middlewares/common/file-upload.ts
FN:10,(anonymous_7)
FN:27,(anonymous_8)
FN:31,(anonymous_9)
FN:50,(anonymous_10)
FN:55,(anonymous_11)
FNF:5
FNH:3
FNDA:3,(anonymous_7)
FNDA:0,(anonymous_8)
FNDA:0,(anonymous_9)
FNDA:8,(anonymous_10)
FNDA:8,(anonymous_11)
DA:1,1
DA:3,1
DA:4,1
DA:5,1
DA:6,1
DA:7,1
DA:8,1
DA:10,1
DA:15,3
DA:17,3
DA:19,3
DA:20,3
DA:22,0
DA:26,1
DA:28,0
DA:29,0
DA:32,0
DA:36,1
DA:38,1
DA:48,1
DA:50,1
DA:55,8
DA:56,8
DA:57,3
DA:59,3
DA:61,1
DA:65,1
DA:69,1
DA:75,5
LF:29
LH:25
BRDA:19,0,0,3
BRDA:19,0,1,0
BRDA:45,1,0,0
BRDA:45,1,1,1
BRDA:56,2,0,3
BRDA:59,3,0,1
BRDA:59,3,1,1
BRDA:59,3,2,1
BRF:8
BRH:6
end_of_record
TN:
SF:src/middlewares/common/logger.ts
FN:8,getRequestId
FN:12,parseUserAgent
FN:38,(anonymous_3)
FN:55,(anonymous_4)
FNF:4
FNH:4
FNDA:8,getRequestId
FNDA:8,parseUserAgent
FNDA:1,(anonymous_3)
FNDA:8,(anonymous_4)
DA:3,1
DA:4,1
DA:5,1
DA:6,1
DA:8,1
DA:9,8
DA:15,8
DA:16,8
DA:18,8
DA:19,8
DA:26,8
DA:27,8
DA:35,8
DA:38,1
DA:51,1
DA:56,8
DA:58,8
DA:60,8
DA:65,8
DA:66,8
DA:71,8
DA:72,8
DA:77,8
DA:78,8
DA:83,8
DA:84,8
DA:89,8
DA:92,0
DA:97,8
DA:100,0
DA:105,8
DA:108,0
DA:113,8
DA:116,0
DA:121,8
LF:35
LH:31
BRDA:15,0,0,8
BRDA:18,1,0,8
BRDA:20,2,0,8
BRDA:20,2,1,8
BRDA:26,3,0,8
BRDA:28,4,0,8
BRDA:28,4,1,0
BRDA:65,5,0,8
BRDA:71,6,0,8
BRDA:77,7,0,8
BRDA:83,8,0,8
BRDA:89,9,0,0
BRDA:93,10,0,0
BRDA:93,10,1,0
BRDA:97,11,0,0
BRDA:101,12,0,0
BRDA:101,12,1,0
BRDA:105,13,0,0
BRDA:109,14,0,0
BRDA:109,14,1,0
BRDA:113,15,0,0
BRDA:117,16,0,0
BRDA:117,16,1,0
BRF:23
BRH:10
end_of_record
TN:
SF:src/middlewares/common/request-id.ts
FN:4,(anonymous_1)
FNF:1
FNH:1
FNDA:8,(anonymous_1)
DA:2,1
DA:4,1
DA:9,8
DA:11,8
LF:4
LH:4
BRF:0
BRH:0
end_of_record
TN:
SF:src/middlewares/common/retry.ts
FNF:0
FNH:0
DA:1,2
DA:2,2
DA:5,2
LF:3
LH:3
BRF:0
BRH:0
end_of_record
TN:
SF:src/middlewares/common/telemetry.ts
FNF:0
FNH:0
DA:1,1
DA:2,1
DA:4,1
LF:3
LH:3
BRF:0
BRH:0
end_of_record
TN:
SF:src/models/common/basic-auth-failure-response.model.ts
FN:1,(anonymous_0)
FNF:1
FNH:1
FNDA:1,(anonymous_0)
DA:1,1
DA:2,1
DA:3,1
DA:4,1
LF:4
LH:4
BRDA:1,0,0,1
BRDA:1,0,1,1
BRF:2
BRH:2
end_of_record
TN:
SF:src/models/file/file-upload-failure-response.model.ts
FN:5,(anonymous_0)
FNF:1
FNH:1
FNDA:1,(anonymous_0)
DA:5,1
DA:6,1
DA:7,1
DA:8,1
DA:9,1
DA:10,1
DA:11,1
DA:12,1
LF:8
LH:8
BRDA:5,0,0,1
BRDA:5,0,1,1
BRF:2
BRH:2
end_of_record
TN:
SF:src/models/file/file-upload-success-response.model.ts
FN:3,(anonymous_0)
FNF:1
FNH:1
FNDA:1,(anonymous_0)
DA:3,1
DA:4,1
LF:2
LH:2
BRDA:3,0,0,1
BRDA:3,0,1,1
BRF:2
BRH:2
end_of_record
TN:
SF:src/router/index.ts
FN:17,(anonymous_1)
FN:18,(anonymous_2)
FN:19,(anonymous_3)
FNF:3
FNH:3
FNDA:8,(anonymous_1)
FNDA:5,(anonymous_2)
FNDA:2,(anonymous_3)
DA:1,1
DA:2,1
DA:3,1
DA:4,1
DA:5,1
DA:8,1
DA:9,1
DA:10,1
DA:12,1
DA:14,1
DA:17,8
DA:18,5
DA:20,2
DA:22,2
DA:27,2
DA:33,1
LF:16
LH:16
BRF:0
BRH:0
end_of_record
TN:
SF:src/router/controllers/file/file.controller.ts
FN:23,(anonymous_5)
FN:49,(anonymous_6)
FN:68,(anonymous_7)
FN:78,(anonymous_8)
FNF:4
FNH:4
FNDA:2,(anonymous_5)
FNDA:2,(anonymous_6)
FNDA:1,(anonymous_7)
FNDA:1,(anonymous_8)
DA:1,1
DA:3,1
DA:5,1
DA:7,1
DA:9,1
DA:10,1
DA:11,1
DA:12,1
DA:22,1
DA:23,2
DA:49,1
DA:53,2
DA:55,0
DA:61,2
DA:62,1
DA:68,1
DA:75,1
DA:76,1
DA:78,1
DA:79,0
DA:85,1
DA:90,0
DA:92,0
DA:94,0
LF:24
LH:19
BRDA:53,0,0,0
BRDA:61,1,0,1
BRDA:61,2,0,2
BRDA:61,2,1,1
BRDA:78,3,0,0
BRF:5
BRH:3
end_of_record
TN:
SF:src/services/implementation/file/file.service.ts
FN:16,(anonymous_3)
FN:51,(anonymous_4)
FN:56,(anonymous_5)
FN:57,(anonymous_6)
FNF:4
FNH:4
FNDA:3,(anonymous_3)
FNDA:2,(anonymous_4)
FNDA:2,(anonymous_5)
FNDA:3201,(anonymous_6)
DA:1,2
DA:3,2
DA:4,2
DA:5,2
DA:6,2
DA:7,2
DA:8,2
DA:12,2
DA:14,2
DA:16,2
DA:17,3
DA:26,1
DA:29,2
DA:31,2
DA:32,2
DA:34,0
DA:35,0
DA:36,0
DA:38,0
DA:39,0
DA:43,2
DA:45,2
DA:46,2
DA:48,2
DA:52,2
DA:54,2
DA:56,2
DA:57,2
DA:58,3201
DA:60,3201
DA:61,51201
DA:63,51201
DA:65,51201
DA:68,3201
DA:69,2
DA:70,2
DA:71,2
DA:73,3199
DA:77,2
LF:39
LH:34
BRDA:17,0,0,1
BRDA:18,1,0,3
BRDA:18,1,1,3
BRDA:18,1,2,3
BRDA:18,1,3,2
BRDA:18,1,4,2
BRDA:18,1,5,2
BRDA:18,1,6,2
BRDA:31,2,0,2
BRDA:31,2,1,0
BRDA:60,3,0,54402
BRDA:60,3,1,54400
BRDA:68,4,0,2
BRDA:68,4,1,3199
BRF:14
BRH:13
end_of_record
TN:
SF:src/utils/common/cors.ts
FN:3,getCorsAllowedOrigins
FNF:1
FNH:1
FNDA:2,getCorsAllowedOrigins
DA:1,1
DA:3,1
DA:4,2
DA:6,2
LF:4
LH:4
BRDA:6,0,0,2
BRDA:6,0,1,0
BRDA:6,1,0,2
BRDA:6,1,1,2
BRF:4
BRH:3
end_of_record
TN:
SF:src/utils/common/dynamic-rate-limiter.ts
FN:11,(anonymous_1)
FN:15,(anonymous_2)
FNF:2
FNH:1
FNDA:1,(anonymous_1)
FNDA:0,(anonymous_2)
DA:1,1
DA:2,1
DA:4,1
DA:5,1
DA:12,1
DA:16,0
DA:17,0
LF:7
LH:5
BRF:0
BRH:0
end_of_record
